<?xml version="1.0" encoding="UTF-8"?>
<!-- Generated by org.testng.reporters.JUnitReportReporter -->
<testsuite hostname="MPS-NOD-W8-10" name="com.magplus.Build_generation" tests="2" failures="0" timestamp="7 Mar 2019 12:02:55 GMT" time="30.788" errors="0">
  <testcase name="androidbuild" time="11.216" classname="com.magplus.Build_generation"/>
  <testcase name="iOSbuild" time="19.572" classname="com.magplus.Build_generation"/>
</testsuite> <!-- com.magplus.Build_generation -->
