<?xml version="1.0" encoding="UTF-8"?>
<!-- Generated by org.testng.reporters.JUnitReportReporter -->
<testsuite hostname="MPS-NOD-W8-10" name="com.magplus.Build_generation" tests="2" failures="0" timestamp="8 Apr 2019 10:13:57 GMT" time="41.947" errors="0">
  <testcase name="iOSbuild" time="33.080" classname="com.magplus.Build_generation"/>
  <testcase name="androidbuild" time="8.867" classname="com.magplus.Build_generation"/>
</testsuite> <!-- com.magplus.Build_generation -->
